<?xml version="1.0" encoding="UTF-8"?>
<!-- Generated by org.testng.reporters.JUnitReportReporter -->
<testsuite hostname="EPRURYAW0103" name="test.circle.CircleExclusionTest" tests="1" failures="0" timestamp="12 Nov 2015 14:30:30 GMT" time="0.010" errors="0">
  <testcase name="checkingAreaCircleTestExclusion" time="0.010" classname="test.circle.CircleExclusionTest"/>
</testsuite> <!-- test.circle.CircleExclusionTest -->
